<?xml version="1.0" encoding="UTF-8"?>
<!-- Generated by org.testng.reporters.JUnitReportReporter -->
<testsuite hostname="GWTN156-9" failures="0" tests="1" name="tests_swagLab.Test_SwagLab_AddToCard" time="5.529" errors="0" timestamp="2023-12-21T21:57:39 MST" skipped="0">
  <testcase classname="tests_swagLab.Test_SwagLab_AddToCard" name="test_AddToCard" time="5.529"/>
  <system-out/>
</testsuite> <!-- tests_swagLab.Test_SwagLab_AddToCard -->
