<?xml version="1.0" encoding="UTF-8"?>
<!-- Generated by org.testng.reporters.JUnitReportReporter -->
<testsuite hostname="GWTN156-9" failures="0" tests="1" name="tests_dataTables.Class2_DataTable" time="5.694" errors="0" timestamp="2023-12-21T21:57:39 MST" skipped="0">
  <testcase classname="tests_dataTables.Class2_DataTable" name="class2_DataTable" time="5.694"/>
  <system-out/>
</testsuite> <!-- tests_dataTables.Class2_DataTable -->
