<?xml version="1.0" encoding="UTF-8"?>
<!-- Generated by org.testng.reporters.JUnitReportReporter -->
<testsuite hostname="GWTN156-9" failures="0" tests="1" name="utils.ReadExcel" time="1.066" errors="0" timestamp="2023-12-21T21:57:39 MST" skipped="0">
  <testcase classname="utils.ReadExcel" name="read_excel_sheet" time="1.066"/>
  <system-out/>
</testsuite> <!-- utils.ReadExcel -->
